#
# A fatal error has been detected by the Java Runtime Environment:
#
#  EXCEPTION_ACCESS_VIOLATION (0xc0000005) at pc=0x00007ffd4865801c, pid=6860, tid=15460
#
# JRE version: OpenJDK Runtime Environment (11.0.4+10) (build 11.0.4+10-b520.11)
# Java VM: OpenJDK 64-Bit Server VM (11.0.4+10-b520.11, mixed mode, sharing, tiered, compressed oops, g1 gc, windows-amd64)
# Problematic frame:
# C  [awt.dll+0x2801c]
#
# No core dump will be written. Minidumps are not enabled by default on client versions of Windows
#
# If you would like to submit a bug report, please visit:
#   http://bugreport.java.com/bugreport/crash.jsp
# The crash happened outside the Java Virtual Machine in native code.
# See problematic frame for where to report the bug.
#

---------------  S U M M A R Y ------------

Command Line: -javaagent:D:\Program Files\JetBrains\IntelliJ IDEA Community Edition 2019.3\lib\idea_rt.jar=61900:D:\Program Files\JetBrains\IntelliJ IDEA Community Edition 2019.3\bin -Dfile.encoding=UTF-8 app.App

Host: Intel(R) Core(TM) i7-2600K CPU @ 3.40GHz, 8 cores, 11G,  Windows 10 , 64 bit Build 18362 (10.0.18362.778)
Time: Wed May 27 21:59:54 2020 Middle East Daylight Time elapsed time: 75556 seconds (0d 20h 59m 16s)

---------------  T H R E A D  ---------------

Current thread (0x000001f5deb6c800):  JavaThread "main" [_thread_in_native, id=15460, stack(0x0000001ccfe00000,0x0000001ccff00000)]

Stack: [0x0000001ccfe00000,0x0000001ccff00000],  sp=0x0000001ccfeff218,  free space=1020k
Native frames: (J=compiled Java code, j=interpreted, Vv=VM code, C=native code)
C  [awt.dll+0x2801c]

Java frames: (J=compiled Java code, j=interpreted, Vv=VM code)
J 920  sun.awt.windows.WMouseInfoPeer.fillPointWithCoords(Ljava/awt/Point;)I java.desktop@11.0.4 (0 bytes) @ 0x000001f5ea55421f [0x000001f5ea5541c0+0x000000000000005f]
J 937 c2 java.awt.MouseInfo.getPointerInfo()Ljava/awt/PointerInfo; java.desktop@11.0.4 (165 bytes) @ 0x000001f5ea556194 [0x000001f5ea555fc0+0x00000000000001d4]
J 1730% c2 app.tictactoe.TestTicTacToe.runGame()V (101 bytes) @ 0x000001f5ea50ebdc [0x000001f5ea50eb00+0x00000000000000dc]
j  app.tictactoe.TestTicTacToe.<init>()V+5
j  app.App.main([Ljava/lang/String;)V+12
v  ~StubRoutines::call_stub

siginfo: EXCEPTION_ACCESS_VIOLATION (0xc0000005), reading address 0x0000000000000000


Register to memory mapping:

RIP=0x00007ffd4865801c awt.dll
RAX=0x0 is NULL
RBX=0x000001f5fc7ec3e0 points into unknown readable memory: 00 00 00 00 00 00 00 00
RCX=0x0 is NULL
RDX=0x0 is NULL
RSP=0x0000001ccfeff218 is pointing into the stack for thread: 0x000001f5deb6c800
RBP=0x0000001ccfeff280 is pointing into the stack for thread: 0x000001f5deb6c800
RSI=0x0000001ccfeff398 is pointing into the stack for thread: 0x000001f5deb6c800
RDI=0x0 is NULL
R8 =0x0000000000000001 is an unknown value
R9 =0x0000000000000500 is an unknown value
R10=0x0 is NULL
R11=0x0000001ccfeff290 is pointing into the stack for thread: 0x000001f5deb6c800
R12=0x0000001ccfeff2d0 is pointing into the stack for thread: 0x000001f5deb6c800
R13=3894375426 is a compressed pointer to object: sun.awt.windows.WMouseInfoPeer 
{0x0000000740fba010} - klass: 'sun/awt/windows/WMouseInfoPeer'
R14=0x0000000000000001 is an unknown value
R15=0x000001f5deb6c800 is a thread


Registers:
RAX=0x0000000000000000, RBX=0x000001f5fc7ec3e0, RCX=0x0000000000000000, RDX=0x0000000000000000
RSP=0x0000001ccfeff218, RBP=0x0000001ccfeff280, RSI=0x0000001ccfeff398, RDI=0x0000000000000000
R8 =0x0000000000000001, R9 =0x0000000000000500, R10=0x0000000000000000, R11=0x0000001ccfeff290
R12=0x0000001ccfeff2d0, R13=0x00000000e81f7402, R14=0x0000000000000001, R15=0x000001f5deb6c800
RIP=0x00007ffd4865801c, EFLAGS=0x0000000000010297

Top of Stack: (sp=0x0000001ccfeff218)
0x0000001ccfeff218:   00007ffd48706010 00007ffd4877d888
0x0000001ccfeff228:   00000000000001a3 000001f5fc7ec3e0
0x0000001ccfeff238:   0000001ccfeff290 000001f5fc5104d0
0x0000001ccfeff248:   0000050000000000 fffffffffffffffe
0x0000001ccfeff258:   000001f5fc7ec3e0 0000000000000000
0x0000001ccfeff268:   0000000000000000 0000d2babed32708
0x0000001ccfeff278:   0000040000000500 000001f5deb6c800
0x0000001ccfeff288:   0000000746b33090 0000000000000000
0x0000001ccfeff298:   000001f5fc5104d0 0000001ccfeff3a8
0x0000001ccfeff2a8:   00007ffd48707531 00000000000001a3
0x0000001ccfeff2b8:   00007ffd487074fd 0000001ccfeff398
0x0000001ccfeff2c8:   0000001ccfeff3a8 000001f5fc5104d0
0x0000001ccfeff2d8:   0000001ccfeff398 0000000000000000
0x0000001ccfeff2e8:   0000000000000000 000001f5fc5104d0
0x0000001ccfeff2f8:   00007ffd487074a6 000001f5fc7ec3e0
0x0000001ccfeff308:   0000001ccfeff398 0000001ccfeff398 

Instructions: (pc=0x00007ffd4865801c)
0x00007ffd48657f1c:   0f 33 d2 48 83 c8 ff 49 f7 f1 48 83 f8 08 72 18
0x00007ffd48657f2c:   49 8b c9 48 c1 e1 03 e8 1c 7b 0b 00 48 89 03 48
0x00007ffd48657f3c:   8b c3 48 83 c4 20 5b c3 48 8d 15 95 24 11 00 48
0x00007ffd48657f4c:   8d 4c 24 38 e8 4b f7 0b 00 cc cc cc cc cc cc cc
0x00007ffd48657f5c:   cc cc cc cc 40 53 48 83 ec 30 48 c7 44 24 20 fe
0x00007ffd48657f6c:   ff ff ff 48 8b d9 48 8d 0d 0f 59 12 00 48 8b 05
0x00007ffd48657f7c:   08 59 12 00 ff 10 ff 43 08 48 8d 0d fc 58 12 00
0x00007ffd48657f8c:   48 8b 05 f5 58 12 00 ff 50 10 90 48 83 c4 30 5b
0x00007ffd48657f9c:   c3 cc cc cc 40 53 48 83 ec 20 33 db 48 85 c9 74
0x00007ffd48657fac:   46 89 15 09 f5 12 00 4c 8d 05 f6 04 00 00 48 89
0x00007ffd48657fbc:   0d ff f4 12 00 33 d2 33 c9 89 1d ed f4 12 00 45
0x00007ffd48657fcc:   33 c9 ff 15 bc f1 12 00 8b 05 de f4 12 00 89 1d
0x00007ffd48657fdc:   d8 f4 12 00 89 1d d6 f4 12 00 48 89 1d d3 f4 12
0x00007ffd48657fec:   00 48 83 c4 20 5b c3 8b c3 48 83 c4 20 5b c3 cc
0x00007ffd48657ffc:   cc cc cc cc 48 8b c1 85 d2 78 05 3b 51 0c 7c 0a
0x00007ffd4865800c:   45 85 c0 75 03 33 c0 c3 33 d2 48 8b 00 48 63 ca
0x00007ffd4865801c:   48 8b 04 c8 c3 cc cc cc cc cc cc cc cc cc cc cc
0x00007ffd4865802c:   cc cc cc cc 40 57 48 83 ec 30 48 c7 44 24 20 fe
0x00007ffd4865803c:   ff ff ff 48 89 5c 24 40 8b c2 48 8b f9 85 d2 78
0x00007ffd4865804c:   05 3b 51 0c 7c 07 33 c0 45 85 c0 74 37 48 63 c8
0x00007ffd4865805c:   48 8b 07 48 8b 1c c8 48 85 db 74 25 48 8d 0d 19
0x00007ffd4865806c:   58 12 00 48 8b 15 12 58 12 00 ff 12 ff 47 08 48
0x00007ffd4865807c:   8d 0d 06 58 12 00 48 8b 15 ff 57 12 00 ff 52 10
0x00007ffd4865808c:   90 48 8b c3 48 8b 5c 24 40 48 83 c4 30 5f c3 cc
0x00007ffd4865809c:   cc cc cc cc 40 57 48 83 ec 30 48 c7 44 24 20 fe
0x00007ffd486580ac:   ff ff ff 48 89 5c 24 48 48 8d 3d cd 57 12 00 48
0x00007ffd486580bc:   89 7c 24 40 48 8b cf 48 8b 05 be 57 12 00 ff 10
0x00007ffd486580cc:   90 48 8b 1d f4 f3 12 00 48 85 db 74 24 48 8b cf
0x00007ffd486580dc:   48 8b 05 a5 57 12 00 ff 10 ff 43 08 48 8b cf 48
0x00007ffd486580ec:   8b 05 96 57 12 00 ff 50 10 90 48 8b 1d cb f3 12
0x00007ffd486580fc:   00 48 8b cf 48 8b 15 81 57 12 00 ff 52 10 90 48
0x00007ffd4865810c:   8b c3 48 8b 5c 24 48 48 83 c4 30 5f c3 cc cc cc 


Stack slot to memory mapping:
stack at sp + 0 slots: 0x00007ffd48706010 awt.dll
stack at sp + 1 slots: 0x00007ffd4877d888 awt.dll
stack at sp + 2 slots: 0x00000000000001a3 is an unknown value
stack at sp + 3 slots: 0x000001f5fc7ec3e0 points into unknown readable memory: 00 00 00 00 00 00 00 00
stack at sp + 4 slots: 0x0000001ccfeff290 is pointing into the stack for thread: 0x000001f5deb6c800
stack at sp + 5 slots: 0x000001f5fc5104d0 points into unknown readable memory: e0 ec 7e fc f5 01 00 00
stack at sp + 6 slots: 0x0000050000000000 is an unknown value
stack at sp + 7 slots: 0xfffffffffffffffe is an unknown value


---------------  P R O C E S S  ---------------

Threads class SMR info:
_java_thread_list=0x000001f5fcfbd8b0, length=13, elements={
0x000001f5deb6c800, 0x000001f5fb95a800, 0x000001f5fb95c000, 0x000001f5fb977800,
0x000001f5fb978800, 0x000001f5fb97a800, 0x000001f5fc283800, 0x000001f5fc28e800,
0x000001f5fc3af000, 0x000001f5fc434000, 0x000001f5fc7f8000, 0x000001f5fc7fa800,
0x000001f5840af000
}

Java Threads: ( => current thread )
=>0x000001f5deb6c800 JavaThread "main" [_thread_in_native, id=15460, stack(0x0000001ccfe00000,0x0000001ccff00000)]
  0x000001f5fb95a800 JavaThread "Reference Handler" daemon [_thread_blocked, id=9608, stack(0x0000001cd0500000,0x0000001cd0600000)]
  0x000001f5fb95c000 JavaThread "Finalizer" daemon [_thread_blocked, id=11764, stack(0x0000001cd0600000,0x0000001cd0700000)]
  0x000001f5fb977800 JavaThread "Signal Dispatcher" daemon [_thread_blocked, id=10044, stack(0x0000001cd0700000,0x0000001cd0800000)]
  0x000001f5fb978800 JavaThread "Attach Listener" daemon [_thread_blocked, id=7584, stack(0x0000001cd0800000,0x0000001cd0900000)]
  0x000001f5fb97a800 JavaThread "C2 CompilerThread0" daemon [_thread_blocked, id=11628, stack(0x0000001cd0900000,0x0000001cd0a00000)]
  0x000001f5fc283800 JavaThread "C1 CompilerThread0" daemon [_thread_blocked, id=12192, stack(0x0000001cd0a00000,0x0000001cd0b00000)]
  0x000001f5fc28e800 JavaThread "Sweeper thread" daemon [_thread_blocked, id=12076, stack(0x0000001cd0b00000,0x0000001cd0c00000)]
  0x000001f5fc3af000 JavaThread "Common-Cleaner" daemon [_thread_blocked, id=7176, stack(0x0000001cd0c00000,0x0000001cd0d00000)]
  0x000001f5fc434000 JavaThread "Service Thread" daemon [_thread_blocked, id=3688, stack(0x0000001cd0e00000,0x0000001cd0f00000)]
  0x000001f5fc7f8000 JavaThread "Java2D Disposer" daemon [_thread_blocked, id=10780, stack(0x0000001cd1000000,0x0000001cd1100000)]
  0x000001f5fc7fa800 JavaThread "AWT-Windows" daemon [_thread_in_native, id=11556, stack(0x0000001cd1200000,0x0000001cd1300000)]
  0x000001f5840af000 JavaThread "D3D Screen Updater" daemon [_thread_blocked, id=6788, stack(0x0000001cd1600000,0x0000001cd1700000)]

Other Threads:
  0x000001f5fb958000 VMThread "VM Thread" [stack: 0x0000001cd0400000,0x0000001cd0500000] [id=17088]
  0x000001f5fc43a800 WatcherThread [stack: 0x0000001cd0f00000,0x0000001cd1000000] [id=2484]
  0x000001f5deb84800 GCTaskThread "GC Thread#0" [stack: 0x0000001ccff00000,0x0000001cd0000000] [id=13212]
  0x000001f5fcb93000 GCTaskThread "GC Thread#1" [stack: 0x0000001cd1800000,0x0000001cd1900000] [id=6148]
  0x000001f5fcb93800 GCTaskThread "GC Thread#2" [stack: 0x0000001cd1900000,0x0000001cd1a00000] [id=13356]
  0x000001f58424b000 GCTaskThread "GC Thread#3" [stack: 0x0000001cd1a00000,0x0000001cd1b00000] [id=10592]
  0x000001f58424c000 GCTaskThread "GC Thread#4" [stack: 0x0000001cd1b00000,0x0000001cd1c00000] [id=5532]
  0x000001f58424c800 GCTaskThread "GC Thread#5" [stack: 0x0000001cd1c00000,0x0000001cd1d00000] [id=6116]
  0x000001f5fcde0800 GCTaskThread "GC Thread#6" [stack: 0x0000001cd1d00000,0x0000001cd1e00000] [id=14628]
  0x000001f5fcdcd800 GCTaskThread "GC Thread#7" [stack: 0x0000001cd1e00000,0x0000001cd1f00000] [id=10560]
  0x000001f5debc5800 ConcurrentGCThread "G1 Main Marker" [stack: 0x0000001cd0000000,0x0000001cd0100000] [id=16932]
  0x000001f5debc6800 ConcurrentGCThread "G1 Conc#0" [stack: 0x0000001cd0100000,0x0000001cd0200000] [id=17056]
  0x000001f5fb7ea000 ConcurrentGCThread "G1 Refine#0" [stack: 0x0000001cd0200000,0x0000001cd0300000] [id=4148]
  0x000001f5fb7eb000 ConcurrentGCThread "G1 Young RemSet Sampling" [stack: 0x0000001cd0300000,0x0000001cd0400000] [id=7280]

Threads with active compile tasks:

VM state:not at safepoint (normal execution)

VM Mutex/Monitor currently owned by a thread: None

Heap address: 0x0000000740e00000, size: 3058 MB, Compressed Oops mode: Zero based, Oop shift amount: 3
Narrow klass base: 0x0000000800000000, Narrow klass shift: 3
Compressed class space size: 1073741824 Address: 0x0000000840000000

Heap:
 garbage-first heap   total 196608K, used 103391K [0x0000000740e00000, 0x0000000800000000)
  region size 1024K, 100 young (102400K), 1 survivors (1024K)
 Metaspace       used 8719K, capacity 9134K, committed 9472K, reserved 1056768K
  class space    used 971K, capacity 1163K, committed 1280K, reserved 1048576K
Heap Regions: E=young(eden), S=young(survivor), O=old, HS=humongous(starts), HC=humongous(continues), CS=collection set, F=free, A=archive, TAMS=top-at-mark-start (previous, next)
|   0|0x0000000740e00000, 0x0000000740f00000, 0x0000000740f00000|100%| O|  |TAMS 0x0000000740e00000, 0x0000000740e00000| Untracked 
|   1|0x0000000740f00000, 0x0000000741000000, 0x0000000741000000|100%| O|  |TAMS 0x0000000740f00000, 0x0000000740f00000| Untracked 
|   2|0x0000000741000000, 0x00000007410f7400, 0x0000000741100000| 96%| O|  |TAMS 0x0000000741000000, 0x0000000741000000| Untracked 
|   3|0x0000000741100000, 0x0000000741100000, 0x0000000741200000|  0%| F|  |TAMS 0x0000000741100000, 0x0000000741100000| Untracked 
|   4|0x0000000741200000, 0x0000000741200000, 0x0000000741300000|  0%| F|  |TAMS 0x0000000741200000, 0x0000000741200000| Untracked 
|   5|0x0000000741300000, 0x0000000741300000, 0x0000000741400000|  0%| F|  |TAMS 0x0000000741300000, 0x0000000741300000| Untracked 
|   6|0x0000000741400000, 0x0000000741400000, 0x0000000741500000|  0%| F|  |TAMS 0x0000000741400000, 0x0000000741400000| Untracked 
|   7|0x0000000741500000, 0x0000000741500000, 0x0000000741600000|  0%| F|  |TAMS 0x0000000741500000, 0x0000000741500000| Untracked 
|   8|0x0000000741600000, 0x0000000741600000, 0x0000000741700000|  0%| F|  |TAMS 0x0000000741600000, 0x0000000741600000| Untracked 
|   9|0x0000000741700000, 0x0000000741700000, 0x0000000741800000|  0%| F|  |TAMS 0x0000000741700000, 0x0000000741700000| Untracked 
|  10|0x0000000741800000, 0x0000000741800000, 0x0000000741900000|  0%| F|  |TAMS 0x0000000741800000, 0x0000000741800000| Untracked 
|  11|0x0000000741900000, 0x0000000741900000, 0x0000000741a00000|  0%| F|  |TAMS 0x0000000741900000, 0x0000000741900000| Untracked 
|  12|0x0000000741a00000, 0x0000000741a00000, 0x0000000741b00000|  0%| F|  |TAMS 0x0000000741a00000, 0x0000000741a00000| Untracked 
|  13|0x0000000741b00000, 0x0000000741b00000, 0x0000000741c00000|  0%| F|  |TAMS 0x0000000741b00000, 0x0000000741b00000| Untracked 
|  14|0x0000000741c00000, 0x0000000741c00000, 0x0000000741d00000|  0%| F|  |TAMS 0x0000000741c00000, 0x0000000741c00000| Untracked 
|  15|0x0000000741d00000, 0x0000000741d00000, 0x0000000741e00000|  0%| F|  |TAMS 0x0000000741d00000, 0x0000000741d00000| Untracked 
|  16|0x0000000741e00000, 0x0000000741e00000, 0x0000000741f00000|  0%| F|  |TAMS 0x0000000741e00000, 0x0000000741e00000| Untracked 
|  17|0x0000000741f00000, 0x0000000741f00000, 0x0000000742000000|  0%| F|  |TAMS 0x0000000741f00000, 0x0000000741f00000| Untracked 
|  18|0x0000000742000000, 0x0000000742000000, 0x0000000742100000|  0%| F|  |TAMS 0x0000000742000000, 0x0000000742000000| Untracked 
|  19|0x0000000742100000, 0x0000000742100000, 0x0000000742200000|  0%| F|  |TAMS 0x0000000742100000, 0x0000000742100000| Untracked 
|  20|0x0000000742200000, 0x0000000742200000, 0x0000000742300000|  0%| F|  |TAMS 0x0000000742200000, 0x0000000742200000| Untracked 
|  21|0x0000000742300000, 0x0000000742300000, 0x0000000742400000|  0%| F|  |TAMS 0x0000000742300000, 0x0000000742300000| Untracked 
|  22|0x0000000742400000, 0x0000000742400000, 0x0000000742500000|  0%| F|  |TAMS 0x0000000742400000, 0x0000000742400000| Untracked 
|  23|0x0000000742500000, 0x0000000742500000, 0x0000000742600000|  0%| F|  |TAMS 0x0000000742500000, 0x0000000742500000| Untracked 
|  24|0x0000000742600000, 0x0000000742600000, 0x0000000742700000|  0%| F|  |TAMS 0x0000000742600000, 0x0000000742600000| Untracked 
|  25|0x0000000742700000, 0x0000000742700000, 0x0000000742800000|  0%| F|  |TAMS 0x0000000742700000, 0x0000000742700000| Untracked 
|  26|0x0000000742800000, 0x0000000742800000, 0x0000000742900000|  0%| F|  |TAMS 0x0000000742800000, 0x0000000742800000| Untracked 
|  27|0x0000000742900000, 0x0000000742900000, 0x0000000742a00000|  0%| F|  |TAMS 0x0000000742900000, 0x0000000742900000| Untracked 
|  28|0x0000000742a00000, 0x0000000742a00000, 0x0000000742b00000|  0%| F|  |TAMS 0x0000000742a00000, 0x0000000742a00000| Untracked 
|  29|0x0000000742b00000, 0x0000000742b00000, 0x0000000742c00000|  0%| F|  |TAMS 0x0000000742b00000, 0x0000000742b00000| Untracked 
|  30|0x0000000742c00000, 0x0000000742c00000, 0x0000000742d00000|  0%| F|  |TAMS 0x0000000742c00000, 0x0000000742c00000| Untracked 
|  31|0x0000000742d00000, 0x0000000742d00000, 0x0000000742e00000|  0%| F|  |TAMS 0x0000000742d00000, 0x0000000742d00000| Untracked 
|  32|0x0000000742e00000, 0x0000000742e00000, 0x0000000742f00000|  0%| F|  |TAMS 0x0000000742e00000, 0x0000000742e00000| Untracked 
|  33|0x0000000742f00000, 0x0000000742f00000, 0x0000000743000000|  0%| F|  |TAMS 0x0000000742f00000, 0x0000000742f00000| Untracked 
|  34|0x0000000743000000, 0x0000000743000000, 0x0000000743100000|  0%| F|  |TAMS 0x0000000743000000, 0x0000000743000000| Untracked 
|  35|0x0000000743100000, 0x0000000743100000, 0x0000000743200000|  0%| F|  |TAMS 0x0000000743100000, 0x0000000743100000| Untracked 
|  36|0x0000000743200000, 0x0000000743200000, 0x0000000743300000|  0%| F|  |TAMS 0x0000000743200000, 0x0000000743200000| Untracked 
|  37|0x0000000743300000, 0x0000000743300000, 0x0000000743400000|  0%| F|  |TAMS 0x0000000743300000, 0x0000000743300000| Untracked 
|  38|0x0000000743400000, 0x0000000743400000, 0x0000000743500000|  0%| F|  |TAMS 0x0000000743400000, 0x0000000743400000| Untracked 
|  39|0x0000000743500000, 0x0000000743500000, 0x0000000743600000|  0%| F|  |TAMS 0x0000000743500000, 0x0000000743500000| Untracked 
|  40|0x0000000743600000, 0x0000000743600000, 0x0000000743700000|  0%| F|  |TAMS 0x0000000743600000, 0x0000000743600000| Untracked 
|  41|0x0000000743700000, 0x0000000743700000, 0x0000000743800000|  0%| F|  |TAMS 0x0000000743700000, 0x0000000743700000| Untracked 
|  42|0x0000000743800000, 0x0000000743800000, 0x0000000743900000|  0%| F|  |TAMS 0x0000000743800000, 0x0000000743800000| Untracked 
|  43|0x0000000743900000, 0x0000000743900000, 0x0000000743a00000|  0%| F|  |TAMS 0x0000000743900000, 0x0000000743900000| Untracked 
|  44|0x0000000743a00000, 0x0000000743a00000, 0x0000000743b00000|  0%| F|  |TAMS 0x0000000743a00000, 0x0000000743a00000| Untracked 
|  45|0x0000000743b00000, 0x0000000743b00000, 0x0000000743c00000|  0%| F|  |TAMS 0x0000000743b00000, 0x0000000743b00000| Untracked 
|  46|0x0000000743c00000, 0x0000000743c00000, 0x0000000743d00000|  0%| F|  |TAMS 0x0000000743c00000, 0x0000000743c00000| Untracked 
|  47|0x0000000743d00000, 0x0000000743d00000, 0x0000000743e00000|  0%| F|  |TAMS 0x0000000743d00000, 0x0000000743d00000| Untracked 
|  48|0x0000000743e00000, 0x0000000743e00000, 0x0000000743f00000|  0%| F|  |TAMS 0x0000000743e00000, 0x0000000743e00000| Untracked 
|  49|0x0000000743f00000, 0x0000000743f00000, 0x0000000744000000|  0%| F|  |TAMS 0x0000000743f00000, 0x0000000743f00000| Untracked 
|  50|0x0000000744000000, 0x0000000744000000, 0x0000000744100000|  0%| F|  |TAMS 0x0000000744000000, 0x0000000744000000| Untracked 
|  51|0x0000000744100000, 0x0000000744100000, 0x0000000744200000|  0%| F|  |TAMS 0x0000000744100000, 0x0000000744100000| Untracked 
|  52|0x0000000744200000, 0x0000000744200000, 0x0000000744300000|  0%| F|  |TAMS 0x0000000744200000, 0x0000000744200000| Untracked 
|  53|0x0000000744300000, 0x0000000744300000, 0x0000000744400000|  0%| F|  |TAMS 0x0000000744300000, 0x0000000744300000| Untracked 
|  54|0x0000000744400000, 0x0000000744400000, 0x0000000744500000|  0%| F|  |TAMS 0x0000000744400000, 0x0000000744400000| Untracked 
|  55|0x0000000744500000, 0x0000000744500000, 0x0000000744600000|  0%| F|  |TAMS 0x0000000744500000, 0x0000000744500000| Untracked 
|  56|0x0000000744600000, 0x0000000744600000, 0x0000000744700000|  0%| F|  |TAMS 0x0000000744600000, 0x0000000744600000| Untracked 
|  57|0x0000000744700000, 0x0000000744700000, 0x0000000744800000|  0%| F|  |TAMS 0x0000000744700000, 0x0000000744700000| Untracked 
|  58|0x0000000744800000, 0x0000000744800000, 0x0000000744900000|  0%| F|  |TAMS 0x0000000744800000, 0x0000000744800000| Untracked 
|  59|0x0000000744900000, 0x0000000744900000, 0x0000000744a00000|  0%| F|  |TAMS 0x0000000744900000, 0x0000000744900000| Untracked 
|  60|0x0000000744a00000, 0x0000000744a00000, 0x0000000744b00000|  0%| F|  |TAMS 0x0000000744a00000, 0x0000000744a00000| Untracked 
|  61|0x0000000744b00000, 0x0000000744b00000, 0x0000000744c00000|  0%| F|  |TAMS 0x0000000744b00000, 0x0000000744b00000| Untracked 
|  62|0x0000000744c00000, 0x0000000744c00000, 0x0000000744d00000|  0%| F|  |TAMS 0x0000000744c00000, 0x0000000744c00000| Untracked 
|  63|0x0000000744d00000, 0x0000000744d00000, 0x0000000744e00000|  0%| F|  |TAMS 0x0000000744d00000, 0x0000000744d00000| Untracked 
|  64|0x0000000744e00000, 0x0000000744e00000, 0x0000000744f00000|  0%| F|  |TAMS 0x0000000744e00000, 0x0000000744e00000| Untracked 
|  65|0x0000000744f00000, 0x0000000744f00000, 0x0000000745000000|  0%| F|  |TAMS 0x0000000744f00000, 0x0000000744f00000| Untracked 
|  66|0x0000000745000000, 0x0000000745000000, 0x0000000745100000|  0%| F|  |TAMS 0x0000000745000000, 0x0000000745000000| Untracked 
|  67|0x0000000745100000, 0x0000000745100000, 0x0000000745200000|  0%| F|  |TAMS 0x0000000745100000, 0x0000000745100000| Untracked 
|  68|0x0000000745200000, 0x0000000745200000, 0x0000000745300000|  0%| F|  |TAMS 0x0000000745200000, 0x0000000745200000| Untracked 
|  69|0x0000000745300000, 0x0000000745300000, 0x0000000745400000|  0%| F|  |TAMS 0x0000000745300000, 0x0000000745300000| Untracked 
|  70|0x0000000745400000, 0x0000000745400000, 0x0000000745500000|  0%| F|  |TAMS 0x0000000745400000, 0x0000000745400000| Untracked 
|  71|0x0000000745500000, 0x0000000745500000, 0x0000000745600000|  0%| F|  |TAMS 0x0000000745500000, 0x0000000745500000| Untracked 
|  72|0x0000000745600000, 0x0000000745600000, 0x0000000745700000|  0%| F|  |TAMS 0x0000000745600000, 0x0000000745600000| Untracked 
|  73|0x0000000745700000, 0x0000000745700000, 0x0000000745800000|  0%| F|  |TAMS 0x0000000745700000, 0x0000000745700000| Untracked 
|  74|0x0000000745800000, 0x0000000745800000, 0x0000000745900000|  0%| F|  |TAMS 0x0000000745800000, 0x0000000745800000| Untracked 
|  75|0x0000000745900000, 0x0000000745900000, 0x0000000745a00000|  0%| F|  |TAMS 0x0000000745900000, 0x0000000745900000| Untracked 
|  76|0x0000000745a00000, 0x0000000745a00810, 0x0000000745b00000|  0%| S|CS|TAMS 0x0000000745a00000, 0x0000000745a00000| Complete 
|  77|0x0000000745b00000, 0x0000000745b00000, 0x0000000745c00000|  0%| F|  |TAMS 0x0000000745b00000, 0x0000000745b00000| Untracked 
|  78|0x0000000745c00000, 0x0000000745c00000, 0x0000000745d00000|  0%| F|  |TAMS 0x0000000745c00000, 0x0000000745c00000| Untracked 
|  79|0x0000000745d00000, 0x0000000745d00000, 0x0000000745e00000|  0%| F|  |TAMS 0x0000000745d00000, 0x0000000745d00000| Untracked 
|  80|0x0000000745e00000, 0x0000000745e00000, 0x0000000745f00000|  0%| F|  |TAMS 0x0000000745e00000, 0x0000000745e00000| Untracked 
|  81|0x0000000745f00000, 0x0000000745f00000, 0x0000000746000000|  0%| F|  |TAMS 0x0000000745f00000, 0x0000000745f00000| Untracked 
|  82|0x0000000746000000, 0x0000000746000000, 0x0000000746100000|  0%| F|  |TAMS 0x0000000746000000, 0x0000000746000000| Untracked 
|  83|0x0000000746100000, 0x0000000746100000, 0x0000000746200000|  0%| F|  |TAMS 0x0000000746100000, 0x0000000746100000| Untracked 
|  84|0x0000000746200000, 0x0000000746200000, 0x0000000746300000|  0%| F|  |TAMS 0x0000000746200000, 0x0000000746200000| Untracked 
|  85|0x0000000746300000, 0x0000000746300000, 0x0000000746400000|  0%| F|  |TAMS 0x0000000746300000, 0x0000000746300000| Untracked 
|  86|0x0000000746400000, 0x0000000746400000, 0x0000000746500000|  0%| F|  |TAMS 0x0000000746400000, 0x0000000746400000| Untracked 
|  87|0x0000000746500000, 0x0000000746500000, 0x0000000746600000|  0%| F|  |TAMS 0x0000000746500000, 0x0000000746500000| Untracked 
|  88|0x0000000746600000, 0x0000000746600000, 0x0000000746700000|  0%| F|  |TAMS 0x0000000746600000, 0x0000000746600000| Untracked 
|  89|0x0000000746700000, 0x0000000746700000, 0x0000000746800000|  0%| F|  |TAMS 0x0000000746700000, 0x0000000746700000| Untracked 
|  90|0x0000000746800000, 0x0000000746800000, 0x0000000746900000|  0%| F|  |TAMS 0x0000000746800000, 0x0000000746800000| Untracked 
|  91|0x0000000746900000, 0x0000000746900000, 0x0000000746a00000|  0%| F|  |TAMS 0x0000000746900000, 0x0000000746900000| Untracked 
|  92|0x0000000746a00000, 0x0000000746a00000, 0x0000000746b00000|  0%| F|  |TAMS 0x0000000746a00000, 0x0000000746a00000| Untracked 
|  93|0x0000000746b00000, 0x0000000746b80800, 0x0000000746c00000| 50%| E|  |TAMS 0x0000000746b00000, 0x0000000746b00000| Complete 
|  94|0x0000000746c00000, 0x0000000746d00000, 0x0000000746d00000|100%| E|CS|TAMS 0x0000000746c00000, 0x0000000746c00000| Complete 
|  95|0x0000000746d00000, 0x0000000746e00000, 0x0000000746e00000|100%| E|CS|TAMS 0x0000000746d00000, 0x0000000746d00000| Complete 
|  96|0x0000000746e00000, 0x0000000746f00000, 0x0000000746f00000|100%| E|CS|TAMS 0x0000000746e00000, 0x0000000746e00000| Complete 
|  97|0x0000000746f00000, 0x0000000747000000, 0x0000000747000000|100%| E|CS|TAMS 0x0000000746f00000, 0x0000000746f00000| Complete 
|  98|0x0000000747000000, 0x0000000747100000, 0x0000000747100000|100%| E|CS|TAMS 0x0000000747000000, 0x0000000747000000| Complete 
|  99|0x0000000747100000, 0x0000000747200000, 0x0000000747200000|100%| E|CS|TAMS 0x0000000747100000, 0x0000000747100000| Complete 
| 100|0x0000000747200000, 0x0000000747300000, 0x0000000747300000|100%| E|CS|TAMS 0x0000000747200000, 0x0000000747200000| Complete 
| 101|0x0000000747300000, 0x0000000747400000, 0x0000000747400000|100%| E|CS|TAMS 0x0000000747300000, 0x0000000747300000| Complete 
| 102|0x0000000747400000, 0x0000000747500000, 0x0000000747500000|100%| E|CS|TAMS 0x0000000747400000, 0x0000000747400000| Complete 
| 103|0x0000000747500000, 0x0000000747600000, 0x0000000747600000|100%| E|CS|TAMS 0x0000000747500000, 0x0000000747500000| Complete 
| 104|0x0000000747600000, 0x0000000747700000, 0x0000000747700000|100%| E|CS|TAMS 0x0000000747600000, 0x0000000747600000| Complete 
| 105|0x0000000747700000, 0x0000000747800000, 0x0000000747800000|100%| E|CS|TAMS 0x0000000747700000, 0x0000000747700000| Complete 
| 106|0x0000000747800000, 0x0000000747900000, 0x0000000747900000|100%| E|CS|TAMS 0x0000000747800000, 0x0000000747800000| Complete 
| 107|0x0000000747900000, 0x0000000747a00000, 0x0000000747a00000|100%| E|CS|TAMS 0x0000000747900000, 0x0000000747900000| Complete 
| 108|0x0000000747a00000, 0x0000000747b00000, 0x0000000747b00000|100%| E|CS|TAMS 0x0000000747a00000, 0x0000000747a00000| Complete 
| 109|0x0000000747b00000, 0x0000000747c00000, 0x0000000747c00000|100%| E|CS|TAMS 0x0000000747b00000, 0x0000000747b00000| Complete 
| 110|0x0000000747c00000, 0x0000000747d00000, 0x0000000747d00000|100%| E|CS|TAMS 0x0000000747c00000, 0x0000000747c00000| Complete 
| 111|0x0000000747d00000, 0x0000000747e00000, 0x0000000747e00000|100%| E|CS|TAMS 0x0000000747d00000, 0x0000000747d00000| Complete 
| 112|0x0000000747e00000, 0x0000000747f00000, 0x0000000747f00000|100%| E|CS|TAMS 0x0000000747e00000, 0x0000000747e00000| Complete 
| 113|0x0000000747f00000, 0x0000000748000000, 0x0000000748000000|100%| E|CS|TAMS 0x0000000747f00000, 0x0000000747f00000| Complete 
| 114|0x0000000748000000, 0x0000000748100000, 0x0000000748100000|100%| E|CS|TAMS 0x0000000748000000, 0x0000000748000000| Complete 
| 115|0x0000000748100000, 0x0000000748200000, 0x0000000748200000|100%| E|CS|TAMS 0x0000000748100000, 0x0000000748100000| Complete 
| 116|0x0000000748200000, 0x0000000748300000, 0x0000000748300000|100%| E|CS|TAMS 0x0000000748200000, 0x0000000748200000| Complete 
| 117|0x0000000748300000, 0x0000000748400000, 0x0000000748400000|100%| E|CS|TAMS 0x0000000748300000, 0x0000000748300000| Complete 
| 118|0x0000000748400000, 0x0000000748500000, 0x0000000748500000|100%| E|CS|TAMS 0x0000000748400000, 0x0000000748400000| Complete 
| 119|0x0000000748500000, 0x0000000748600000, 0x0000000748600000|100%| E|CS|TAMS 0x0000000748500000, 0x0000000748500000| Complete 
| 120|0x0000000748600000, 0x0000000748700000, 0x0000000748700000|100%| E|CS|TAMS 0x0000000748600000, 0x0000000748600000| Complete 
| 121|0x0000000748700000, 0x0000000748800000, 0x0000000748800000|100%| E|CS|TAMS 0x0000000748700000, 0x0000000748700000| Complete 
| 122|0x0000000748800000, 0x0000000748900000, 0x0000000748900000|100%| E|CS|TAMS 0x0000000748800000, 0x0000000748800000| Complete 
| 123|0x0000000748900000, 0x0000000748a00000, 0x0000000748a00000|100%| E|CS|TAMS 0x0000000748900000, 0x0000000748900000| Complete 
| 124|0x0000000748a00000, 0x0000000748b00000, 0x0000000748b00000|100%| E|CS|TAMS 0x0000000748a00000, 0x0000000748a00000| Complete 
| 125|0x0000000748b00000, 0x0000000748c00000, 0x0000000748c00000|100%| E|CS|TAMS 0x0000000748b00000, 0x0000000748b00000| Complete 
| 126|0x0000000748c00000, 0x0000000748d00000, 0x0000000748d00000|100%| E|CS|TAMS 0x0000000748c00000, 0x0000000748c00000| Complete 
| 127|0x0000000748d00000, 0x0000000748e00000, 0x0000000748e00000|100%| E|CS|TAMS 0x0000000748d00000, 0x0000000748d00000| Complete 
| 128|0x0000000748e00000, 0x0000000748f00000, 0x0000000748f00000|100%| E|CS|TAMS 0x0000000748e00000, 0x0000000748e00000| Complete 
| 129|0x0000000748f00000, 0x0000000749000000, 0x0000000749000000|100%| E|CS|TAMS 0x0000000748f00000, 0x0000000748f00000| Complete 
| 130|0x0000000749000000, 0x0000000749100000, 0x0000000749100000|100%| E|CS|TAMS 0x0000000749000000, 0x0000000749000000| Complete 
| 131|0x0000000749100000, 0x0000000749200000, 0x0000000749200000|100%| E|CS|TAMS 0x0000000749100000, 0x0000000749100000| Complete 
| 132|0x0000000749200000, 0x0000000749300000, 0x0000000749300000|100%| E|CS|TAMS 0x0000000749200000, 0x0000000749200000| Complete 
| 133|0x0000000749300000, 0x0000000749400000, 0x0000000749400000|100%| E|CS|TAMS 0x0000000749300000, 0x0000000749300000| Complete 
| 134|0x0000000749400000, 0x0000000749500000, 0x0000000749500000|100%| E|CS|TAMS 0x0000000749400000, 0x0000000749400000| Complete 
| 135|0x0000000749500000, 0x0000000749600000, 0x0000000749600000|100%| E|CS|TAMS 0x0000000749500000, 0x0000000749500000| Complete 
| 136|0x0000000749600000, 0x0000000749700000, 0x0000000749700000|100%| E|CS|TAMS 0x0000000749600000, 0x0000000749600000| Complete 
| 137|0x0000000749700000, 0x0000000749800000, 0x0000000749800000|100%| E|CS|TAMS 0x0000000749700000, 0x0000000749700000| Complete 
| 138|0x0000000749800000, 0x0000000749900000, 0x0000000749900000|100%| E|CS|TAMS 0x0000000749800000, 0x0000000749800000| Complete 
| 139|0x0000000749900000, 0x0000000749a00000, 0x0000000749a00000|100%| E|CS|TAMS 0x0000000749900000, 0x0000000749900000| Complete 
| 140|0x0000000749a00000, 0x0000000749b00000, 0x0000000749b00000|100%| E|CS|TAMS 0x0000000749a00000, 0x0000000749a00000| Complete 
| 141|0x0000000749b00000, 0x0000000749c00000, 0x0000000749c00000|100%| E|CS|TAMS 0x0000000749b00000, 0x0000000749b00000| Complete 
| 142|0x0000000749c00000, 0x0000000749d00000, 0x0000000749d00000|100%| E|CS|TAMS 0x0000000749c00000, 0x0000000749c00000| Complete 
| 143|0x0000000749d00000, 0x0000000749e00000, 0x0000000749e00000|100%| E|CS|TAMS 0x0000000749d00000, 0x0000000749d00000| Complete 
| 144|0x0000000749e00000, 0x0000000749f00000, 0x0000000749f00000|100%| E|CS|TAMS 0x0000000749e00000, 0x0000000749e00000| Complete 
| 145|0x0000000749f00000, 0x000000074a000000, 0x000000074a000000|100%| E|CS|TAMS 0x0000000749f00000, 0x0000000749f00000| Complete 
| 146|0x000000074a000000, 0x000000074a100000, 0x000000074a100000|100%| E|CS|TAMS 0x000000074a000000, 0x000000074a000000| Complete 
| 147|0x000000074a100000, 0x000000074a200000, 0x000000074a200000|100%| E|CS|TAMS 0x000000074a100000, 0x000000074a100000| Complete 
| 148|0x000000074a200000, 0x000000074a300000, 0x000000074a300000|100%| E|CS|TAMS 0x000000074a200000, 0x000000074a200000| Complete 
| 149|0x000000074a300000, 0x000000074a400000, 0x000000074a400000|100%| E|CS|TAMS 0x000000074a300000, 0x000000074a300000| Complete 
| 150|0x000000074a400000, 0x000000074a500000, 0x000000074a500000|100%| E|CS|TAMS 0x000000074a400000, 0x000000074a400000| Complete 
| 151|0x000000074a500000, 0x000000074a600000, 0x000000074a600000|100%| E|CS|TAMS 0x000000074a500000, 0x000000074a500000| Complete 
| 152|0x000000074a600000, 0x000000074a700000, 0x000000074a700000|100%| E|CS|TAMS 0x000000074a600000, 0x000000074a600000| Complete 
| 153|0x000000074a700000, 0x000000074a800000, 0x000000074a800000|100%| E|CS|TAMS 0x000000074a700000, 0x000000074a700000| Complete 
| 154|0x000000074a800000, 0x000000074a900000, 0x000000074a900000|100%| E|CS|TAMS 0x000000074a800000, 0x000000074a800000| Complete 
| 155|0x000000074a900000, 0x000000074aa00000, 0x000000074aa00000|100%| E|CS|TAMS 0x000000074a900000, 0x000000074a900000| Complete 
| 156|0x000000074aa00000, 0x000000074ab00000, 0x000000074ab00000|100%| E|CS|TAMS 0x000000074aa00000, 0x000000074aa00000| Complete 
| 157|0x000000074ab00000, 0x000000074ac00000, 0x000000074ac00000|100%| E|CS|TAMS 0x000000074ab00000, 0x000000074ab00000| Complete 
| 158|0x000000074ac00000, 0x000000074ad00000, 0x000000074ad00000|100%| E|CS|TAMS 0x000000074ac00000, 0x000000074ac00000| Complete 
| 159|0x000000074ad00000, 0x000000074ae00000, 0x000000074ae00000|100%| E|CS|TAMS 0x000000074ad00000, 0x000000074ad00000| Complete 
| 160|0x000000074ae00000, 0x000000074af00000, 0x000000074af00000|100%| E|CS|TAMS 0x000000074ae00000, 0x000000074ae00000| Complete 
| 161|0x000000074af00000, 0x000000074b000000, 0x000000074b000000|100%| E|CS|TAMS 0x000000074af00000, 0x000000074af00000| Complete 
| 162|0x000000074b000000, 0x000000074b100000, 0x000000074b100000|100%| E|CS|TAMS 0x000000074b000000, 0x000000074b000000| Complete 
| 163|0x000000074b100000, 0x000000074b200000, 0x000000074b200000|100%| E|CS|TAMS 0x000000074b100000, 0x000000074b100000| Complete 
| 164|0x000000074b200000, 0x000000074b300000, 0x000000074b300000|100%| E|CS|TAMS 0x000000074b200000, 0x000000074b200000| Complete 
| 165|0x000000074b300000, 0x000000074b400000, 0x000000074b400000|100%| E|CS|TAMS 0x000000074b300000, 0x000000074b300000| Complete 
| 166|0x000000074b400000, 0x000000074b500000, 0x000000074b500000|100%| E|CS|TAMS 0x000000074b400000, 0x000000074b400000| Complete 
| 167|0x000000074b500000, 0x000000074b600000, 0x000000074b600000|100%| E|CS|TAMS 0x000000074b500000, 0x000000074b500000| Complete 
| 168|0x000000074b600000, 0x000000074b700000, 0x000000074b700000|100%| E|CS|TAMS 0x000000074b600000, 0x000000074b600000| Complete 
| 169|0x000000074b700000, 0x000000074b800000, 0x000000074b800000|100%| E|CS|TAMS 0x000000074b700000, 0x000000074b700000| Complete 
| 170|0x000000074b800000, 0x000000074b900000, 0x000000074b900000|100%| E|CS|TAMS 0x000000074b800000, 0x000000074b800000| Complete 
| 171|0x000000074b900000, 0x000000074ba00000, 0x000000074ba00000|100%| E|CS|TAMS 0x000000074b900000, 0x000000074b900000| Complete 
| 172|0x000000074ba00000, 0x000000074bb00000, 0x000000074bb00000|100%| E|CS|TAMS 0x000000074ba00000, 0x000000074ba00000| Complete 
| 173|0x000000074bb00000, 0x000000074bc00000, 0x000000074bc00000|100%| E|CS|TAMS 0x000000074bb00000, 0x000000074bb00000| Complete 
| 174|0x000000074bc00000, 0x000000074bd00000, 0x000000074bd00000|100%| E|CS|TAMS 0x000000074bc00000, 0x000000074bc00000| Complete 
| 175|0x000000074bd00000, 0x000000074be00000, 0x000000074be00000|100%| E|CS|TAMS 0x000000074bd00000, 0x000000074bd00000| Complete 
| 176|0x000000074be00000, 0x000000074bf00000, 0x000000074bf00000|100%| E|CS|TAMS 0x000000074be00000, 0x000000074be00000| Complete 
| 177|0x000000074bf00000, 0x000000074c000000, 0x000000074c000000|100%| E|CS|TAMS 0x000000074bf00000, 0x000000074bf00000| Complete 
| 178|0x000000074c000000, 0x000000074c100000, 0x000000074c100000|100%| E|CS|TAMS 0x000000074c000000, 0x000000074c000000| Complete 
| 179|0x000000074c100000, 0x000000074c200000, 0x000000074c200000|100%| E|CS|TAMS 0x000000074c100000, 0x000000074c100000| Complete 
| 180|0x000000074c200000, 0x000000074c300000, 0x000000074c300000|100%| E|CS|TAMS 0x000000074c200000, 0x000000074c200000| Complete 
| 181|0x000000074c300000, 0x000000074c400000, 0x000000074c400000|100%| E|CS|TAMS 0x000000074c300000, 0x000000074c300000| Complete 
| 182|0x000000074c400000, 0x000000074c500000, 0x000000074c500000|100%| E|CS|TAMS 0x000000074c400000, 0x000000074c400000| Complete 
| 183|0x000000074c500000, 0x000000074c600000, 0x000000074c600000|100%| E|CS|TAMS 0x000000074c500000, 0x000000074c500000| Complete 
| 184|0x000000074c600000, 0x000000074c700000, 0x000000074c700000|100%| E|CS|TAMS 0x000000074c600000, 0x000000074c600000| Complete 
| 185|0x000000074c700000, 0x000000074c800000, 0x000000074c800000|100%| E|CS|TAMS 0x000000074c700000, 0x000000074c700000| Complete 
| 186|0x000000074c800000, 0x000000074c900000, 0x000000074c900000|100%| E|CS|TAMS 0x000000074c800000, 0x000000074c800000| Complete 
| 187|0x000000074c900000, 0x000000074ca00000, 0x000000074ca00000|100%| E|CS|TAMS 0x000000074c900000, 0x000000074c900000| Complete 
| 188|0x000000074ca00000, 0x000000074cb00000, 0x000000074cb00000|100%| E|CS|TAMS 0x000000074ca00000, 0x000000074ca00000| Complete 
| 189|0x000000074cb00000, 0x000000074cc00000, 0x000000074cc00000|100%| E|CS|TAMS 0x000000074cb00000, 0x000000074cb00000| Complete 
| 190|0x000000074cc00000, 0x000000074cd00000, 0x000000074cd00000|100%| E|CS|TAMS 0x000000074cc00000, 0x000000074cc00000| Complete 
| 191|0x000000074cd00000, 0x000000074ce00000, 0x000000074ce00000|100%| E|CS|TAMS 0x000000074cd00000, 0x000000074cd00000| Complete 

Card table byte_map: [0x000001f5f2360000,0x000001f5f2960000] _byte_map_base: 0x000001f5ee959000

Marking Bits (Prev, Next): (CMBitMap*) 0x000001f5dc98e808, (CMBitMap*) 0x000001f5dc98e840
 Prev Bits: [0x000001f5f2f60000, 0x000001f5f5f28000)
 Next Bits: [0x000001f5f5f30000, 0x000001f5f8ef8000)

Polling page: 0x000001f5de240000

Metaspace:

Usage:
  Non-class:      7.78 MB capacity,     7.57 MB ( 97%) used,   183.83 KB (  2%) free+waste,    39.38 KB ( <1%) overhead. 
      Class:      1.14 MB capacity,   971.86 KB ( 84%) used,   168.02 KB ( 14%) free+waste,    23.13 KB (  2%) overhead. 
       Both:      8.92 MB capacity,     8.52 MB ( 95%) used,   351.84 KB (  4%) free+waste,    62.50 KB ( <1%) overhead. 

Virtual space:
  Non-class space:        8.00 MB reserved,       8.00 MB (100%) committed 
      Class space:        1.00 GB reserved,       1.25 MB ( <1%) committed 
             Both:        1.01 GB reserved,       9.25 MB ( <1%) committed 

Chunk freelists:
   Non-Class:  29.00 KB
       Class:  21.00 KB
        Both:  50.00 KB

CodeHeap 'non-profiled nmethods': size=120000Kb used=682Kb max_used=684Kb free=119317Kb
 bounds [0x000001f5ea500000, 0x000001f5ea770000, 0x000001f5f1a30000]
CodeHeap 'profiled nmethods': size=120000Kb used=3329Kb max_used=3457Kb free=116671Kb
 bounds [0x000001f5e2fd0000, 0x000001f5e3340000, 0x000001f5ea500000]
CodeHeap 'non-nmethods': size=5760Kb used=1209Kb max_used=1244Kb free=4550Kb
 bounds [0x000001f5e2a30000, 0x000001f5e2ca0000, 0x000001f5e2fd0000]
 total_blobs=2654 nmethods=1674 adapters=474
 compilation: enabled
              stopped_count=0, restarted_count=0
 full_count=0

Compilation events (10 events):
Event: 28577.057 Thread 0x000001f5fc283800 1746       3       java.lang.Object::wait (6 bytes)
Event: 28577.058 Thread 0x000001f5fc283800 nmethod 1746 0x000001f5e2fd9510 code [0x000001f5e2fd96c0, 0x000001f5e2fd9870]
Event: 44117.992 Thread 0x000001f5fc283800 1747       3       sun.awt.AWTAutoShutdown::isReadyToShutdown (37 bytes)
Event: 44117.994 Thread 0x000001f5fc283800 nmethod 1747 0x000001f5e2ff6690 code [0x000001f5e2ff6860, 0x000001f5e2ff6c60]
Event: 44759.968 Thread 0x000001f5fc283800 1748       3       java.lang.Integer::numberOfLeadingZeros (78 bytes)
Event: 44759.968 Thread 0x000001f5fc283800 nmethod 1748 0x000001f5e2fee410 code [0x000001f5e2fee5c0, 0x000001f5e2fee8b8]
Event: 44846.255 Thread 0x000001f5fc283800 1749       3       java.util.IdentityHashMap::isEmpty (13 bytes)
Event: 44846.256 Thread 0x000001f5fc283800 nmethod 1749 0x000001f5e2fddb90 code [0x000001f5e2fddd40, 0x000001f5e2fddf18]
Event: 44846.256 Thread 0x000001f5fc283800 1750   !   3       sun.awt.AWTAutoShutdown::setToolkitBusy (124 bytes)
Event: 44846.257 Thread 0x000001f5fc283800 nmethod 1750 0x000001f5e2ff8390 code [0x000001f5e2ff85c0, 0x000001f5e2ff8df0]

GC Heap History (10 events):
Event: 75494.609 GC heap before
{Heap before GC invocations=1436 (full 0):
 garbage-first heap   total 196608K, used 119775K [0x0000000740e00000, 0x0000000800000000)
  region size 1024K, 115 young (117760K), 1 survivors (1024K)
 Metaspace       used 8719K, capacity 9134K, committed 9472K, reserved 1056768K
  class space    used 971K, capacity 1163K, committed 1280K, reserved 1048576K
}
Event: 75494.610 GC heap after
{Heap after GC invocations=1437 (full 0):
 garbage-first heap   total 196608K, used 3039K [0x0000000740e00000, 0x0000000800000000)
  region size 1024K, 1 young (1024K), 1 survivors (1024K)
 Metaspace       used 8719K, capacity 9134K, committed 9472K, reserved 1056768K
  class space    used 971K, capacity 1163K, committed 1280K, reserved 1048576K
}
Event: 75507.397 GC heap before
{Heap before GC invocations=1437 (full 0):
 garbage-first heap   total 196608K, used 119775K [0x0000000740e00000, 0x0000000800000000)
  region size 1024K, 115 young (117760K), 1 survivors (1024K)
 Metaspace       used 8719K, capacity 9134K, committed 9472K, reserved 1056768K
  class space    used 971K, capacity 1163K, committed 1280K, reserved 1048576K
}
Event: 75507.398 GC heap after
{Heap after GC invocations=1438 (full 0):
 garbage-first heap   total 196608K, used 3039K [0x0000000740e00000, 0x0000000800000000)
  region size 1024K, 1 young (1024K), 1 survivors (1024K)
 Metaspace       used 8719K, capacity 9134K, committed 9472K, reserved 1056768K
  class space    used 971K, capacity 1163K, committed 1280K, reserved 1048576K
}
Event: 75520.223 GC heap before
{Heap before GC invocations=1438 (full 0):
 garbage-first heap   total 196608K, used 119775K [0x0000000740e00000, 0x0000000800000000)
  region size 1024K, 115 young (117760K), 1 survivors (1024K)
 Metaspace       used 8719K, capacity 9134K, committed 9472K, reserved 1056768K
  class space    used 971K, capacity 1163K, committed 1280K, reserved 1048576K
}
Event: 75520.224 GC heap after
{Heap after GC invocations=1439 (full 0):
 garbage-first heap   total 196608K, used 3039K [0x0000000740e00000, 0x0000000800000000)
  region size 1024K, 1 young (1024K), 1 survivors (1024K)
 Metaspace       used 8719K, capacity 9134K, committed 9472K, reserved 1056768K
  class space    used 971K, capacity 1163K, committed 1280K, reserved 1048576K
}
Event: 75533.079 GC heap before
{Heap before GC invocations=1439 (full 0):
 garbage-first heap   total 196608K, used 119775K [0x0000000740e00000, 0x0000000800000000)
  region size 1024K, 115 young (117760K), 1 survivors (1024K)
 Metaspace       used 8719K, capacity 9134K, committed 9472K, reserved 1056768K
  class space    used 971K, capacity 1163K, committed 1280K, reserved 1048576K
}
Event: 75533.079 GC heap after
{Heap after GC invocations=1440 (full 0):
 garbage-first heap   total 196608K, used 3039K [0x0000000740e00000, 0x0000000800000000)
  region size 1024K, 1 young (1024K), 1 survivors (1024K)
 Metaspace       used 8719K, capacity 9134K, committed 9472K, reserved 1056768K
  class space    used 971K, capacity 1163K, committed 1280K, reserved 1048576K
}
Event: 75545.859 GC heap before
{Heap before GC invocations=1440 (full 0):
 garbage-first heap   total 196608K, used 119775K [0x0000000740e00000, 0x0000000800000000)
  region size 1024K, 115 young (117760K), 1 survivors (1024K)
 Metaspace       used 8719K, capacity 9134K, committed 9472K, reserved 1056768K
  class space    used 971K, capacity 1163K, committed 1280K, reserved 1048576K
}
Event: 75545.859 GC heap after
{Heap after GC invocations=1441 (full 0):
 garbage-first heap   total 196608K, used 3039K [0x0000000740e00000, 0x0000000800000000)
  region size 1024K, 1 young (1024K), 1 survivors (1024K)
 Metaspace       used 8719K, capacity 9134K, committed 9472K, reserved 1056768K
  class space    used 971K, capacity 1163K, committed 1280K, reserved 1048576K
}

Deoptimization events (10 events):
Event: 4.259 Thread 0x000001f5fc7fa800 DEOPT PACKING pc=0x000001f5ea596aa0 sp=0x0000001cd12fe7d0
Event: 4.259 Thread 0x000001f5fc7fa800 DEOPT UNPACKING pc=0x000001f5e2a5922f sp=0x0000001cd12fe6c0 mode 2
Event: 4.259 Thread 0x000001f5fc7fa800 Uncommon trap: trap_request=0xffffff4d fr.pc=0x000001f5ea58e6b4 relative=0x0000000000000094
Event: 4.259 Thread 0x000001f5fc7fa800 Uncommon trap: reason=unstable_if action=reinterpret pc=0x000001f5ea58e6b4 method=java.util.IdentityHashMap.isEmpty()Z @ 4 c2
Event: 4.259 Thread 0x000001f5fc7fa800 DEOPT PACKING pc=0x000001f5ea58e6b4 sp=0x0000001cd12fe7a0
Event: 4.259 Thread 0x000001f5fc7fa800 DEOPT UNPACKING pc=0x000001f5e2a5922f sp=0x0000001cd12fe6e0 mode 2
Event: 4.259 Thread 0x000001f5fc7fa800 Uncommon trap: trap_request=0xffffff4d fr.pc=0x000001f5ea58e384 relative=0x0000000000000064
Event: 4.259 Thread 0x000001f5fc7fa800 Uncommon trap: reason=unstable_if action=reinterpret pc=0x000001f5ea58e384 method=java.util.IdentityHashMap.isEmpty()Z @ 4 c2
Event: 4.259 Thread 0x000001f5fc7fa800 DEOPT PACKING pc=0x000001f5ea58e384 sp=0x0000001cd12fe720
Event: 4.259 Thread 0x000001f5fc7fa800 DEOPT UNPACKING pc=0x000001f5e2a5922f sp=0x0000001cd12fe6b0 mode 2

Classes redefined (0 events):
No events

Internal exceptions (10 events):
Event: 0.389 Thread 0x000001f5deb6c800 Exception <a 'java/lang/ClassNotFoundException'{0x000000074c61b530}: com/sun/swing/internal/plaf/basic/resources/spi/basicProvider> (0x000000074c61b530) thrown at [c:/BuildAgent/work/5ff2f6c26000d570/src/hotspot/share/classfile/systemDictionary.cpp, line 
Event: 0.446 Thread 0x000001f5deb6c800 Exception <a 'java/lang/NoSuchMethodError'{0x000000074c510be8}: 'void java.lang.invoke.DirectMethodHandle$Holder.invokeStaticInit(java.lang.Object)'> (0x000000074c510be8) thrown at [c:/BuildAgent/work/5ff2f6c26000d570/src/hotspot/share/interpreter/linkRes
Event: 0.491 Thread 0x000001f5deb6c800 Exception <a 'java/lang/NoSuchMethodError'{0x000000074c45b660}: 'java.lang.Object java.lang.invoke.DirectMethodHandle$Holder.invokeStatic(java.lang.Object, java.lang.Object, java.lang.Object, java.lang.Object, java.lang.Object, java.lang.Object, java.lang
Event: 0.493 Thread 0x000001f5deb6c800 Exception <a 'java/lang/NoSuchMethodError'{0x000000074c479868}: 'java.lang.Object java.lang.invoke.DirectMethodHandle$Holder.invokeStatic(java.lang.Object, java.lang.Object, java.lang.Object, java.lang.Object, java.lang.Object, java.lang.Object, java.lang
Event: 0.495 Thread 0x000001f5deb6c800 Exception <a 'java/lang/NoSuchMethodError'{0x000000074c498a50}: 'java.lang.Object java.lang.invoke.DirectMethodHandle$Holder.invokeStatic(java.lang.Object, java.lang.Object, java.lang.Object, java.lang.Object, java.lang.Object, java.lang.Object, java.lang
Event: 0.496 Thread 0x000001f5deb6c800 Exception <a 'java/lang/NoSuchMethodError'{0x000000074c4a4a00}: 'java.lang.Object java.lang.invoke.Invokers$Holder.linkToTargetMethod(java.lang.Object, int, java.lang.Object)'> (0x000000074c4a4a00) thrown at [c:/BuildAgent/work/5ff2f6c26000d570/src/hotspo
Event: 0.548 Thread 0x000001f5fcbd4000 Exception <a 'java/io/FileNotFoundException'{0x000000074c300100}> (0x000000074c300100) thrown at [c:/BuildAgent/work/5ff2f6c26000d570/src/hotspot/share/prims/jni.cpp, line 615]
Event: 0.555 Thread 0x000001f5fcb75000 Exception <a 'java/lang/NoSuchMethodError'{0x000000074c6cd610}: 'java.lang.Object java.lang.invoke.DirectMethodHandle$Holder.invokeStatic(java.lang.Object, java.lang.Object, java.lang.Object, java.lang.Object, java.lang.Object, java.lang.Object, java.lang
Event: 1.346 Thread 0x000001f5fcbd4000 Exception <a 'java/io/FileNotFoundException'{0x000000074c30de70}> (0x000000074c30de70) thrown at [c:/BuildAgent/work/5ff2f6c26000d570/src/hotspot/share/prims/jni.cpp, line 615]
Event: 1.686 Thread 0x000001f5fcbd4000 Exception <a 'java/io/FileNotFoundException'{0x000000074a500100}> (0x000000074a500100) thrown at [c:/BuildAgent/work/5ff2f6c26000d570/src/hotspot/share/prims/jni.cpp, line 615]

Events (10 events):
Event: 75494.609 Executing VM operation: G1CollectForAllocation
Event: 75494.610 Executing VM operation: G1CollectForAllocation done
Event: 75507.397 Executing VM operation: G1CollectForAllocation
Event: 75507.398 Executing VM operation: G1CollectForAllocation done
Event: 75520.223 Executing VM operation: G1CollectForAllocation
Event: 75520.224 Executing VM operation: G1CollectForAllocation done
Event: 75533.079 Executing VM operation: G1CollectForAllocation
Event: 75533.079 Executing VM operation: G1CollectForAllocation done
Event: 75545.859 Executing VM operation: G1CollectForAllocation
Event: 75545.859 Executing VM operation: G1CollectForAllocation done


Dynamic libraries:
0x00007ff7ebc80000 - 0x00007ff7ebcc7000 	D:\Program Files\JetBrains\IntelliJ IDEA Community Edition 2019.3\jbr\bin\java.exe
0x00007ffd61a00000 - 0x00007ffd61bf0000 	C:\WINDOWS\SYSTEM32\ntdll.dll
0x00007ffd606e0000 - 0x00007ffd60792000 	C:\WINDOWS\System32\KERNEL32.DLL
0x00007ffd5ecd0000 - 0x00007ffd5ef74000 	C:\WINDOWS\System32\KERNELBASE.dll
0x00007ffd60b30000 - 0x00007ffd60cc4000 	C:\WINDOWS\System32\USER32.dll
0x00007ffd5fa80000 - 0x00007ffd5faa1000 	C:\WINDOWS\System32\win32u.dll
0x00007ffd60a50000 - 0x00007ffd60a76000 	C:\WINDOWS\System32\GDI32.dll
0x00007ffd5e990000 - 0x00007ffd5eb24000 	C:\WINDOWS\System32\gdi32full.dll
0x00007ffd5ec30000 - 0x00007ffd5ecce000 	C:\WINDOWS\System32\msvcp_win.dll
0x00007ffd5eb30000 - 0x00007ffd5ec2a000 	C:\WINDOWS\System32\ucrtbase.dll
0x00007ffd47590000 - 0x00007ffd47814000 	C:\WINDOWS\WinSxS\amd64_microsoft.windows.common-controls_6595b64144ccf1df_6.0.18362.836_none_e6c4b943130f18ed\COMCTL32.dll
0x00007ffd610f0000 - 0x00007ffd6118e000 	C:\WINDOWS\System32\msvcrt.dll
0x00007ffd60da0000 - 0x00007ffd610d6000 	C:\WINDOWS\System32\combase.dll
0x00007ffd607a0000 - 0x00007ffd608c0000 	C:\WINDOWS\System32\RPCRT4.dll
0x00007ffd5f980000 - 0x00007ffd5fa00000 	C:\WINDOWS\System32\bcryptPrimitives.dll
0x00007ffd5fee0000 - 0x00007ffd5ff0e000 	C:\WINDOWS\System32\IMM32.DLL
0x00007ffd50450000 - 0x00007ffd50467000 	D:\Program Files\JetBrains\IntelliJ IDEA Community Edition 2019.3\jbr\bin\vcruntime140.dll
0x00007ffd48590000 - 0x00007ffd4862d000 	D:\Program Files\JetBrains\IntelliJ IDEA Community Edition 2019.3\jbr\bin\msvcp140.dll
0x00007ffd1e610000 - 0x00007ffd1f0c8000 	D:\Program Files\JetBrains\IntelliJ IDEA Community Edition 2019.3\jbr\bin\server\jvm.dll
0x00007ffd5fe30000 - 0x00007ffd5fed3000 	C:\WINDOWS\System32\ADVAPI32.dll
0x00007ffd611b0000 - 0x00007ffd61247000 	C:\WINDOWS\System32\sechost.dll
0x00007ffd608c0000 - 0x00007ffd608c8000 	C:\WINDOWS\System32\PSAPI.DLL
0x00007ffd58d80000 - 0x00007ffd58d89000 	C:\WINDOWS\SYSTEM32\WSOCK32.dll
0x00007ffd56bc0000 - 0x00007ffd56be4000 	C:\WINDOWS\SYSTEM32\WINMM.dll
0x00007ffd609e0000 - 0x00007ffd60a4f000 	C:\WINDOWS\System32\WS2_32.dll
0x00007ffd56810000 - 0x00007ffd5683d000 	C:\WINDOWS\SYSTEM32\WINMMBASE.dll
0x00007ffd5f730000 - 0x00007ffd5f77a000 	C:\WINDOWS\System32\cfgmgr32.dll
0x00007ffd56bb0000 - 0x00007ffd56bba000 	C:\WINDOWS\SYSTEM32\VERSION.dll
0x00007ffd5e950000 - 0x00007ffd5e961000 	C:\WINDOWS\System32\kernel.appcore.dll
0x00007ffd52770000 - 0x00007ffd52781000 	D:\Program Files\JetBrains\IntelliJ IDEA Community Edition 2019.3\jbr\bin\verify.dll
0x00007ffd59bc0000 - 0x00007ffd59db4000 	C:\WINDOWS\SYSTEM32\DBGHELP.DLL
0x00007ffd59770000 - 0x00007ffd5979a000 	C:\WINDOWS\SYSTEM32\dbgcore.DLL
0x00007ffd502e0000 - 0x00007ffd50309000 	D:\Program Files\JetBrains\IntelliJ IDEA Community Edition 2019.3\jbr\bin\java.dll
0x00007ffd50370000 - 0x00007ffd503a4000 	D:\Program Files\JetBrains\IntelliJ IDEA Community Edition 2019.3\jbr\bin\instrument.dll
0x00007ffd51d50000 - 0x00007ffd51d67000 	D:\Program Files\JetBrains\IntelliJ IDEA Community Edition 2019.3\jbr\bin\zip.dll
0x00007ffd580e0000 - 0x00007ffd580eb000 	D:\Program Files\JetBrains\IntelliJ IDEA Community Edition 2019.3\jbr\bin\jimage.dll
0x00007ffd612d0000 - 0x00007ffd619b4000 	C:\WINDOWS\System32\SHELL32.dll
0x00007ffd60930000 - 0x00007ffd609d9000 	C:\WINDOWS\System32\shcore.dll
0x00007ffd5efb0000 - 0x00007ffd5f72e000 	C:\WINDOWS\System32\windows.storage.dll
0x00007ffd5e8d0000 - 0x00007ffd5e8f3000 	C:\WINDOWS\System32\profapi.dll
0x00007ffd5e900000 - 0x00007ffd5e94a000 	C:\WINDOWS\System32\powrprof.dll
0x00007ffd5e8c0000 - 0x00007ffd5e8d0000 	C:\WINDOWS\System32\UMPDC.dll
0x00007ffd60670000 - 0x00007ffd606c2000 	C:\WINDOWS\System32\shlwapi.dll
0x00007ffd5fa60000 - 0x00007ffd5fa77000 	C:\WINDOWS\System32\cryptsp.dll
0x00007ffd517a0000 - 0x00007ffd517ba000 	D:\Program Files\JetBrains\IntelliJ IDEA Community Edition 2019.3\jbr\bin\net.dll
0x00007ffd58480000 - 0x00007ffd58570000 	C:\WINDOWS\SYSTEM32\WINHTTP.dll
0x00007ffd55ba0000 - 0x00007ffd55d76000 	C:\WINDOWS\SYSTEM32\urlmon.dll
0x00007ffd55250000 - 0x00007ffd554f6000 	C:\WINDOWS\SYSTEM32\iertutil.dll
0x00007ffd5e2a0000 - 0x00007ffd5e2ac000 	C:\WINDOWS\SYSTEM32\CRYPTBASE.DLL
0x00007ffd5e0d0000 - 0x00007ffd5e137000 	C:\WINDOWS\system32\mswsock.dll
0x00007ffd515b0000 - 0x00007ffd515c4000 	D:\Program Files\JetBrains\IntelliJ IDEA Community Edition 2019.3\jbr\bin\nio.dll
0x00007ffd50350000 - 0x00007ffd5036a000 	D:\Program Files\JetBrains\IntelliJ IDEA Community Edition 2019.3\bin\breakgen64.dll
0x00007ffd48630000 - 0x00007ffd487d1000 	D:\Program Files\JetBrains\IntelliJ IDEA Community Edition 2019.3\jbr\bin\awt.dll
0x00007ffd60cd0000 - 0x00007ffd60d94000 	C:\WINDOWS\System32\OLEAUT32.dll
0x00007ffd5d170000 - 0x00007ffd5d19d000 	C:\WINDOWS\SYSTEM32\dwmapi.dll
0x00007ffd5b720000 - 0x00007ffd5bce0000 	C:\WINDOWS\SYSTEM32\d2d1.dll
0x00007ffd5cb60000 - 0x00007ffd5cbef000 	C:\WINDOWS\SYSTEM32\apphelp.dll
0x00007ffd5cea0000 - 0x00007ffd5cf39000 	C:\WINDOWS\system32\uxtheme.dll
0x00007ffd47ab0000 - 0x00007ffd47c06000 	C:\WINDOWS\system32\opengl32.dll
0x00007ffd4fe80000 - 0x00007ffd4feac000 	C:\WINDOWS\SYSTEM32\GLU32.dll
0x00007ffd5d530000 - 0x00007ffd5d550000 	C:\WINDOWS\SYSTEM32\dxcore.dll
0x00007ffd60530000 - 0x00007ffd60666000 	C:\WINDOWS\System32\MSCTF.dll
0x00007ffd5fab0000 - 0x00007ffd5fc07000 	C:\WINDOWS\System32\ole32.dll
0x00007ffd56840000 - 0x00007ffd56a07000 	C:\WINDOWS\system32\d3d9.dll
0x00007ffd4d300000 - 0x00007ffd4d3e1000 	C:\WINDOWS\System32\DriverStore\FileRepository\nvae.inf_amd64_4f5630adbfb837bb\nvldumdx.dll
0x00007ffd5f780000 - 0x00007ffd5f8c9000 	C:\WINDOWS\System32\crypt32.dll
0x00007ffd5e970000 - 0x00007ffd5e982000 	C:\WINDOWS\System32\MSASN1.dll
0x00007ffd5dc40000 - 0x00007ffd5dc73000 	C:\WINDOWS\system32\rsaenh.dll
0x00007ffd5ef80000 - 0x00007ffd5efa6000 	C:\WINDOWS\System32\bcrypt.dll
0x00007ffd11270000 - 0x00007ffd123d8000 	C:\WINDOWS\System32\DriverStore\FileRepository\nvae.inf_amd64_4f5630adbfb837bb\nvd3dumx.dll
0x00007ffd4ad80000 - 0x00007ffd4ae02000 	D:\Program Files\JetBrains\IntelliJ IDEA Community Edition 2019.3\jbr\bin\freetype.dll
0x00007ffd490c0000 - 0x00007ffd49168000 	D:\Program Files\JetBrains\IntelliJ IDEA Community Edition 2019.3\jbr\bin\fontmanager.dll
0x00007ffd50cc0000 - 0x00007ffd50d5e000 	C:\WINDOWS\System32\TextInputFramework.dll
0x00007ffd4f3b0000 - 0x00007ffd4f6da000 	C:\WINDOWS\System32\CoreUIComponents.dll
0x00007ffd5c950000 - 0x00007ffd5ca24000 	C:\WINDOWS\System32\CoreMessaging.dll
0x00007ffd5d920000 - 0x00007ffd5d951000 	C:\WINDOWS\SYSTEM32\ntmarta.dll
0x00007ffd5b140000 - 0x00007ffd5b293000 	C:\WINDOWS\SYSTEM32\wintypes.dll

dbghelp: loaded successfully - version: 4.0.5 - missing functions: none
symbol engine: initialized successfully - sym options: 0x614 - pdb path: .;D:\Program Files\JetBrains\IntelliJ IDEA Community Edition 2019.3\jbr\bin;C:\WINDOWS\SYSTEM32;C:\WINDOWS\WinSxS\amd64_microsoft.windows.common-controls_6595b64144ccf1df_6.0.18362.836_none_e6c4b943130f18ed;D:\Program Files\JetBrains\IntelliJ IDEA Community Edition 2019.3\jbr\bin\server;D:\Program Files\JetBrains\IntelliJ IDEA Community Edition 2019.3\bin;C:\WINDOWS\System32\DriverStore\FileRepository\nvae.inf_amd64_4f5630adbfb837bb

VM Arguments:
jvm_args: -javaagent:D:\Program Files\JetBrains\IntelliJ IDEA Community Edition 2019.3\lib\idea_rt.jar=61900:D:\Program Files\JetBrains\IntelliJ IDEA Community Edition 2019.3\bin -Dfile.encoding=UTF-8 
java_command: app.App
java_class_path (initial): D:\GameFinishTheProject-master\out\production\GameFinishTheProject-master
Launcher Type: SUN_STANDARD

[Global flags]
     intx CICompilerCount                          = 4                                         {product} {ergonomic}
     uint ConcGCThreads                            = 2                                         {product} {ergonomic}
     uint G1ConcRefinementThreads                  = 8                                         {product} {ergonomic}
   size_t G1HeapRegionSize                         = 1048576                                   {product} {ergonomic}
    uintx GCDrainStackTargetSize                   = 64                                        {product} {ergonomic}
   size_t InitialHeapSize                          = 201326592                                 {product} {ergonomic}
   size_t MarkStackSize                            = 4194304                                   {product} {ergonomic}
   size_t MaxHeapSize                              = 3206545408                                {product} {ergonomic}
   size_t MaxNewSize                               = 1923088384                                {product} {ergonomic}
   size_t MinHeapDeltaBytes                        = 1048576                                   {product} {ergonomic}
    uintx NonNMethodCodeHeapSize                   = 5835340                                {pd product} {ergonomic}
    uintx NonProfiledCodeHeapSize                  = 122911450                              {pd product} {ergonomic}
    uintx ProfiledCodeHeapSize                     = 122911450                              {pd product} {ergonomic}
    uintx ReservedCodeCacheSize                    = 251658240                              {pd product} {ergonomic}
     bool SegmentedCodeCache                       = true                                      {product} {ergonomic}
     bool UseCompressedClassPointers               = true                                 {lp64_product} {ergonomic}
     bool UseCompressedOops                        = true                                 {lp64_product} {ergonomic}
     bool UseG1GC                                  = true                                      {product} {ergonomic}
     bool UseLargePagesIndividualAllocation        = false                                  {pd product} {ergonomic}

Logging:
Log output configuration:
 #0: stdout all=warning uptime,level,tags
 #1: stderr all=off uptime,level,tags

Environment Variables:
PATH=C:\Program Files (x86)\NVIDIA Corporation\PhysX\Common;C:\Program Files (x86)\Common Files\Oracle\Java\javapath;C:\WINDOWS\system32;C:\WINDOWS;C:\WINDOWS\System32\Wbem;C:\WINDOWS\System32\WindowsPowerShell\v1.0\;C:\WINDOWS\System32\OpenSSH\;E:\Brackets\command;C:\Program Files\Git\cmd;C:\Users\HQ\AppData\Local\Microsoft\WindowsApps;C:\Users\HQ\AppData\Local\atom\bin;C:\Users\HQ\AppData\Local\GitHubDesktop\bin
USERNAME=HQ
OS=Windows_NT
PROCESSOR_IDENTIFIER=Intel64 Family 6 Model 42 Stepping 7, GenuineIntel



---------------  S Y S T E M  ---------------

OS: Windows 10 , 64 bit Build 18362 (10.0.18362.778)

CPU:total 8 (initial active 8) (4 cores per cpu, 2 threads per core) family 6 model 42 stepping 7, cmov, cx8, fxsr, mmx, sse, sse2, sse3, ssse3, sse4.1, sse4.2, popcnt, avx, clmul, ht, tsc, tscinvbit

Memory: 4k page, system-wide physical 12225M (4628M free)
TotalPageFile size 18388M (AvailPageFile size 6102M)
current process WorkingSet (physical memory assigned to process): 132M, peak: 200M
current process commit charge ("private bytes"): 312M, peak: 322M

vm_info: OpenJDK 64-Bit Server VM (11.0.4+10-b520.11) for windows-amd64 JRE (11.0.4+10-b520.11), built on Nov 16 2019 04:35:14 by "" with MS VC++ 14.0 (VS2015)

END.
